{
  "RSpec": {
    "coverage": {
      "/home/ubuntu/environment/TAMU-ZachryLeadershipScheduler/zlp-scheduler/app/helpers/application_helper.rb": {
        "lines": [
          1,
          null,
          null,
          null
        ]
      },
      "/home/ubuntu/environment/TAMU-ZachryLeadershipScheduler/zlp-scheduler/app/helpers/login_helper.rb": {
        "lines": [
          1,
          null
        ]
      },
      "/home/ubuntu/environment/TAMU-ZachryLeadershipScheduler/zlp-scheduler/app/helpers/password_resets_helper.rb": {
        "lines": [
          1,
          null
        ]
      },
      "/home/ubuntu/environment/TAMU-ZachryLeadershipScheduler/zlp-scheduler/app/helpers/sessions_helper.rb": {
        "lines": [
          1,
          null
        ]
      },
      "/home/ubuntu/environment/TAMU-ZachryLeadershipScheduler/zlp-scheduler/app/helpers/student_actions_helper.rb": {
        "lines": [
          1,
          null
        ]
      },
      "/home/ubuntu/environment/TAMU-ZachryLeadershipScheduler/zlp-scheduler/app/helpers/users_helper.rb": {
        "lines": [
          1,
          null
        ]
      },
      "/home/ubuntu/environment/TAMU-ZachryLeadershipScheduler/zlp-scheduler/app/helpers/view_terms_helper.rb": {
        "lines": [
          1,
          null
        ]
      },
      "/home/ubuntu/environment/TAMU-ZachryLeadershipScheduler/zlp-scheduler/app/models/term.rb": {
        "lines": [
          1,
          1,
          1,
          1,
          null,
          1,
          0,
          0,
          0,
          0,
          0,
          null,
          0,
          null,
          0,
          null,
          null,
          0,
          0,
          0,
          0,
          0,
          0,
          0,
          null,
          null,
          null,
          null,
          null,
          null,
          1,
          0,
          0,
          0,
          null,
          0,
          0,
          null,
          null,
          null,
          null,
          null,
          null
        ]
      },
      "/home/ubuntu/environment/TAMU-ZachryLeadershipScheduler/zlp-scheduler/app/models/application_record.rb": {
        "lines": [
          1,
          1,
          null
        ]
      },
      "/home/ubuntu/environment/TAMU-ZachryLeadershipScheduler/zlp-scheduler/app/models/cohort.rb": {
        "lines": [
          1,
          1,
          1,
          1,
          null
        ]
      },
      "/home/ubuntu/environment/TAMU-ZachryLeadershipScheduler/zlp-scheduler/app/models/user.rb": {
        "lines": [
          1,
          1,
          1,
          1,
          1,
          1,
          null,
          1,
          null,
          null,
          null,
          null,
          1,
          5,
          5,
          null,
          null,
          null,
          1,
          0,
          null,
          null,
          1,
          0,
          null,
          null,
          1,
          null,
          null,
          1,
          0,
          0,
          0,
          null,
          null,
          null
        ]
      },
      "/home/ubuntu/environment/TAMU-ZachryLeadershipScheduler/zlp-scheduler/app/models/subject.rb": {
        "lines": [
          1,
          1,
          1,
          null,
          1,
          0,
          0,
          0,
          0,
          0,
          0,
          0,
          0,
          null,
          0,
          null,
          null
        ]
      },
      "/home/ubuntu/environment/TAMU-ZachryLeadershipScheduler/zlp-scheduler/app/models/course.rb": {
        "lines": [
          1,
          1,
          1,
          1,
          1,
          null,
          null,
          null,
          null,
          null,
          null,
          null,
          null,
          null,
          null,
          null,
          null,
          null,
          null,
          1,
          1,
          1,
          1,
          1,
          null,
          null,
          1,
          null,
          null,
          null,
          null,
          null,
          null,
          null,
          null,
          1,
          0,
          0,
          0,
          0,
          0,
          0,
          0,
          0,
          0,
          null,
          null,
          null,
          0,
          0,
          0,
          0,
          0,
          0,
          0,
          0,
          0,
          0,
          null,
          0,
          0,
          0,
          null,
          0,
          0,
          0,
          0,
          null,
          null,
          null,
          0,
          0,
          0,
          0,
          null,
          null,
          0,
          null,
          null,
          0,
          null,
          null,
          1,
          0,
          null,
          null,
          null,
          null
        ]
      },
      "/home/ubuntu/environment/TAMU-ZachryLeadershipScheduler/zlp-scheduler/app/models/schedule.rb": {
        "lines": [
          1,
          1,
          1,
          1,
          null
        ]
      },
      "/home/ubuntu/environment/TAMU-ZachryLeadershipScheduler/zlp-scheduler/app/models/schedule_to_course.rb": {
        "lines": [
          1,
          1,
          1,
          null,
          null,
          null
        ]
      },
      "/home/ubuntu/environment/TAMU-ZachryLeadershipScheduler/zlp-scheduler/app/controllers/concerns/scheduler_2.rb": {
        "lines": [
          1,
          1,
          null,
          1,
          720,
          720,
          1440,
          0,
          0,
          0,
          0,
          null,
          0,
          null,
          null,
          1440,
          null,
          null,
          720,
          null,
          null,
          1,
          null,
          722,
          286,
          null,
          722,
          722,
          722,
          722,
          722,
          null,
          null,
          722,
          null,
          0,
          0,
          722,
          286,
          286,
          null,
          436,
          null,
          722,
          null,
          null,
          null,
          1,
          null,
          3,
          3,
          3,
          3,
          3,
          null,
          null,
          3,
          null,
          15,
          15,
          15,
          null,
          null,
          15,
          15,
          null,
          null,
          15,
          720,
          720,
          720,
          720,
          720,
          null,
          720,
          null,
          720,
          720,
          720,
          720,
          null,
          null,
          null,
          0,
          0,
          0,
          0,
          0,
          0,
          null,
          0,
          0,
          0,
          0,
          null,
          0,
          0,
          null,
          null,
          0,
          0,
          null,
          null,
          null,
          null,
          null,
          null,
          null,
          720,
          null,
          null,
          null,
          null,
          null,
          null,
          null,
          null,
          null,
          null,
          null,
          720,
          null,
          720,
          720,
          null,
          null,
          0,
          null,
          720,
          720,
          720,
          720,
          null,
          null,
          null,
          null,
          3,
          3,
          3,
          3,
          null,
          null,
          null,
          null,
          null
        ]
      },
      "/home/ubuntu/environment/TAMU-ZachryLeadershipScheduler/zlp-scheduler/app/models/time_slot.rb": {
        "lines": [
          1,
          1,
          1,
          null
        ]
      },
      "/home/ubuntu/environment/TAMU-ZachryLeadershipScheduler/zlp-scheduler/app/jobs/load_courses_job.rb": {
        "lines": [
          0,
          0,
          null,
          0,
          0,
          0,
          0,
          0,
          0,
          0
        ],
        "branches": {
        }
      },
      "/home/ubuntu/environment/TAMU-ZachryLeadershipScheduler/zlp-scheduler/app/jobs/application_job.rb": {
        "lines": [
          0,
          0
        ],
        "branches": {
        }
      },
      "/home/ubuntu/environment/TAMU-ZachryLeadershipScheduler/zlp-scheduler/app/mailers/application_mailer.rb": {
        "lines": [
          0,
          null,
          0,
          0
        ],
        "branches": {
        }
      },
      "/home/ubuntu/environment/TAMU-ZachryLeadershipScheduler/zlp-scheduler/app/controllers/student_controller.rb": {
        "lines": [
          0,
          null,
          0,
          null,
          0,
          0,
          0,
          0,
          0,
          0,
          0,
          null,
          0,
          0,
          0,
          0,
          0,
          0,
          0,
          0,
          0,
          0,
          0,
          0,
          null,
          0,
          0,
          0,
          0,
          0,
          0,
          0,
          0,
          0,
          null,
          0,
          0,
          0,
          0,
          0,
          0,
          0,
          null,
          0,
          0,
          0,
          null,
          0,
          0,
          0,
          0,
          0,
          null,
          0,
          0,
          0,
          0,
          0,
          0,
          0,
          0,
          0,
          null,
          0,
          0,
          0,
          0,
          null,
          0,
          0,
          0,
          0,
          0,
          0,
          0,
          0,
          0,
          null,
          0,
          0,
          0,
          0,
          0,
          0,
          0,
          0,
          0,
          0,
          0,
          0,
          null,
          0,
          null,
          0,
          0,
          0,
          0,
          0,
          0,
          null,
          0,
          0,
          0,
          0,
          0,
          0,
          0,
          0,
          0,
          0,
          null,
          0,
          0,
          0,
          0,
          0,
          0,
          0,
          0,
          null,
          0,
          0,
          0,
          0,
          0,
          0,
          0,
          0,
          null,
          0,
          0,
          0,
          null,
          0,
          0,
          0,
          0,
          0,
          0,
          null,
          0,
          0,
          0,
          0,
          0,
          0,
          0,
          0,
          null,
          0,
          0,
          0,
          null,
          null,
          null,
          null,
          null,
          null,
          0,
          0,
          0,
          null,
          0,
          null,
          null,
          null,
          0,
          0,
          0,
          0,
          0,
          0,
          0,
          0,
          0,
          0,
          0,
          0,
          0,
          0,
          0,
          0,
          null,
          0,
          0,
          0,
          null,
          0,
          0,
          0,
          null,
          0,
          0,
          0,
          0,
          0,
          0,
          null,
          0,
          0,
          0,
          0,
          0,
          0,
          0,
          0,
          0,
          0,
          null,
          0,
          0,
          0,
          0,
          0,
          0,
          0,
          0,
          0,
          null,
          null,
          null,
          null,
          null,
          null,
          null,
          0,
          0,
          0,
          0,
          0,
          0,
          0,
          0,
          null,
          0,
          0,
          0,
          null,
          0,
          0,
          0,
          0,
          0,
          null,
          0,
          0,
          0,
          0,
          0,
          null,
          0,
          0,
          0,
          null,
          0,
          0,
          0,
          0,
          0
        ],
        "branches": {
        }
      },
      "/home/ubuntu/environment/TAMU-ZachryLeadershipScheduler/zlp-scheduler/app/controllers/users_controller.rb": {
        "lines": [
          0,
          0,
          null,
          0,
          0,
          0,
          null,
          0,
          0,
          0,
          0,
          0,
          null,
          0,
          0,
          0,
          null,
          0,
          0,
          0,
          null,
          0,
          0,
          0,
          0,
          null,
          0,
          0,
          0,
          0,
          0,
          0,
          0,
          0,
          0,
          0,
          0,
          0,
          0,
          0,
          0,
          0,
          0,
          0,
          0,
          0,
          null,
          0,
          0,
          0,
          null,
          0,
          0,
          0,
          null,
          0,
          0,
          0,
          0,
          0,
          0,
          0,
          0,
          0,
          0,
          0,
          null,
          0,
          0,
          null,
          0,
          0,
          0,
          0,
          0,
          null,
          0,
          0,
          0,
          0,
          0,
          0,
          0,
          0,
          0,
          0,
          0,
          0,
          0,
          0,
          null,
          0,
          null,
          0,
          0,
          0,
          0,
          0,
          0,
          0,
          0,
          null,
          0,
          0,
          0,
          0,
          0,
          null,
          0,
          0,
          0,
          0,
          0,
          0,
          0,
          0,
          0,
          0,
          0,
          0,
          null,
          0,
          0,
          0,
          0,
          0,
          0,
          0,
          0,
          0,
          0,
          0,
          0,
          0,
          0,
          0,
          0,
          0,
          0,
          0,
          0,
          0,
          0,
          0,
          0,
          null,
          0,
          0,
          0,
          0,
          0,
          0,
          0,
          0,
          0,
          0,
          0,
          0,
          0,
          0,
          0,
          0,
          0,
          0,
          0,
          0,
          0,
          0,
          0,
          0,
          0,
          0,
          null,
          0,
          null,
          0,
          0,
          0,
          0
        ],
        "branches": {
        }
      },
      "/home/ubuntu/environment/TAMU-ZachryLeadershipScheduler/zlp-scheduler/app/controllers/admin_controller.rb": {
        "lines": [
          0,
          null,
          0,
          null,
          null,
          0,
          0,
          0,
          0,
          null,
          0,
          0,
          0,
          null,
          0,
          0,
          0,
          0,
          0,
          0,
          0,
          0,
          0,
          0,
          0,
          0,
          null,
          0,
          0,
          null,
          null,
          0,
          0,
          0,
          0,
          0,
          0,
          null,
          0,
          0,
          0,
          0,
          0,
          0,
          0,
          0,
          null,
          0,
          0,
          0,
          0,
          0,
          0,
          0,
          0,
          0,
          0,
          0,
          0,
          0,
          0,
          0,
          0,
          0,
          0,
          0,
          0,
          null,
          0,
          null,
          0,
          0,
          0,
          0,
          null,
          0,
          0,
          0,
          0,
          0,
          0,
          0,
          0,
          0,
          null,
          0,
          null,
          0,
          null,
          0,
          0,
          0,
          null,
          0,
          0,
          0,
          null,
          0,
          0,
          null,
          0,
          null,
          0,
          0,
          null,
          0,
          null,
          0,
          0,
          0,
          0,
          0,
          null,
          0,
          0,
          0,
          0,
          null,
          0,
          null,
          0,
          0,
          0,
          null,
          0,
          0,
          0,
          null,
          0,
          0,
          0,
          null,
          0,
          0,
          0,
          null,
          0,
          0,
          0,
          0,
          0,
          0,
          0,
          0,
          0,
          0,
          0,
          0,
          0,
          0,
          0,
          0,
          0,
          0,
          0,
          0,
          null,
          0,
          0,
          0,
          0,
          0,
          0,
          0,
          0,
          null,
          0,
          0,
          0,
          0,
          0,
          0,
          0,
          0,
          0,
          0,
          0,
          null,
          0,
          0,
          0,
          0,
          0,
          0,
          0,
          0,
          0,
          0,
          0,
          0,
          0,
          0,
          0,
          0,
          0,
          null,
          0,
          0,
          0,
          0,
          0,
          0,
          0,
          0,
          0,
          0,
          0,
          0,
          null,
          0,
          null,
          null,
          null,
          null,
          0,
          null,
          0,
          0,
          0,
          0,
          0,
          0,
          0,
          null,
          0,
          0,
          0,
          0,
          null,
          0,
          0,
          0,
          0,
          0,
          null,
          0,
          null,
          0,
          0,
          0,
          null,
          0,
          0,
          0,
          null,
          0,
          0,
          0,
          0,
          0,
          0,
          0,
          null,
          0,
          0,
          0,
          0,
          0,
          null,
          0,
          0,
          0,
          0,
          0,
          0,
          0,
          0,
          0,
          0,
          0,
          0,
          0,
          0,
          0,
          null,
          0,
          null,
          0
        ],
        "branches": {
        }
      },
      "/home/ubuntu/environment/TAMU-ZachryLeadershipScheduler/zlp-scheduler/app/controllers/sessions_controller.rb": {
        "lines": [
          0,
          0,
          0,
          0,
          0,
          0,
          0,
          null,
          0,
          0,
          0,
          0,
          0,
          0,
          0,
          0,
          0,
          0,
          0,
          0,
          0,
          0,
          0,
          0,
          0,
          0,
          0,
          0,
          0,
          0,
          0,
          0,
          0,
          0,
          null,
          0,
          0,
          0,
          0,
          0
        ],
        "branches": {
        }
      },
      "/home/ubuntu/environment/TAMU-ZachryLeadershipScheduler/zlp-scheduler/app/controllers/application_controller.rb": {
        "lines": [
          0,
          null,
          0,
          null,
          0,
          null,
          0,
          0,
          0,
          null,
          0,
          0,
          0,
          null,
          0,
          0,
          0,
          null,
          0,
          0,
          0,
          0,
          0,
          0,
          0
        ],
        "branches": {
        }
      },
      "/home/ubuntu/environment/TAMU-ZachryLeadershipScheduler/zlp-scheduler/app/helpers/course_scraper.rb": {
        "lines": [
          0,
          0,
          0,
          0,
          0,
          0,
          null,
          0,
          null,
          0,
          0,
          0,
          0,
          0,
          null,
          0,
          0,
          0,
          null,
          0,
          0,
          0,
          null,
          0,
          0,
          0,
          0,
          0,
          0,
          0,
          0,
          0,
          0,
          0,
          0,
          0,
          0,
          0,
          0,
          0,
          0,
          null,
          0,
          0,
          0,
          0,
          0,
          0,
          0,
          null,
          0,
          0,
          0,
          0,
          null,
          0,
          0,
          0,
          null,
          0,
          0,
          0,
          null,
          0,
          0,
          0,
          0,
          0,
          0,
          0,
          0,
          0,
          0,
          0,
          0,
          0,
          0,
          0,
          0,
          0,
          null,
          0,
          0,
          0,
          null,
          0,
          0,
          0,
          0,
          0
        ],
        "branches": {
        }
      },
      "/home/ubuntu/environment/TAMU-ZachryLeadershipScheduler/zlp-scheduler/app/models/student_action.rb": {
        "lines": [
          0,
          null,
          0,
          0,
          0,
          0,
          null,
          0,
          0,
          0,
          0
        ],
        "branches": {
        }
      },
      "/home/ubuntu/environment/TAMU-ZachryLeadershipScheduler/zlp-scheduler/app/models/conflict.rb": {
        "lines": [
          0,
          0,
          0,
          0,
          0,
          0
        ],
        "branches": {
        }
      }
    },
    "timestamp": 1651457904
  }
}
